<?xml version="1.0" encoding="UTF-8"?>
<coverage generated="1722005665590" clover="3.2.0">
  <project timestamp="1722005665591" name="All files">
    <metrics statements="23" coveredstatements="23" conditionals="3" coveredconditionals="3" methods="7" coveredmethods="7" elements="33" coveredelements="33" complexity="0" loc="23" ncloc="23" packages="1" files="4" classes="4"/>
    <file name="FilmCard.tsx" path="/Users/aidan.liddiard/Documents/Pluralsight/Java/JALAN-ReactTesting/src/components/FilmCard.tsx">
      <metrics statements="3" coveredstatements="3" conditionals="0" coveredconditionals="0" methods="1" coveredmethods="1"/>
      <line num="7" count="1" type="stmt"/>
      <line num="8" count="1" type="stmt"/>
      <line num="22" count="1" type="stmt"/>
    </file>
    <file name="ResultItem.tsx" path="/Users/aidan.liddiard/Documents/Pluralsight/Java/JALAN-ReactTesting/src/components/ResultItem.tsx">
      <metrics statements="4" coveredstatements="4" conditionals="0" coveredconditionals="0" methods="1" coveredmethods="1"/>
      <line num="1" count="1" type="stmt"/>
      <line num="6" count="1" type="stmt"/>
      <line num="7" count="2" type="stmt"/>
      <line num="18" count="1" type="stmt"/>
    </file>
    <file name="ResultList.tsx" path="/Users/aidan.liddiard/Documents/Pluralsight/Java/JALAN-ReactTesting/src/components/ResultList.tsx">
      <metrics statements="5" coveredstatements="5" conditionals="2" coveredconditionals="2" methods="2" coveredmethods="2"/>
      <line num="2" count="1" type="stmt"/>
      <line num="11" count="1" type="stmt"/>
      <line num="12" count="2" type="stmt"/>
      <line num="24" count="2" type="stmt"/>
      <line num="33" count="1" type="stmt"/>
    </file>
    <file name="SearchFilm.tsx" path="/Users/aidan.liddiard/Documents/Pluralsight/Java/JALAN-ReactTesting/src/components/SearchFilm.tsx">
      <metrics statements="11" coveredstatements="11" conditionals="1" coveredconditionals="1" methods="3" coveredmethods="3"/>
      <line num="1" count="1" type="stmt"/>
      <line num="7" count="1" type="stmt"/>
      <line num="8" count="10" type="stmt"/>
      <line num="10" count="10" type="stmt"/>
      <line num="11" count="3" type="stmt"/>
      <line num="12" count="3" type="cond" truecount="1" falsecount="0"/>
      <line num="13" count="2" type="stmt"/>
      <line num="14" count="2" type="stmt"/>
      <line num="18" count="10" type="stmt"/>
      <line num="23" count="3" type="stmt"/>
      <line num="30" count="1" type="stmt"/>
    </file>
  </project>
</coverage>
