{"/Users/aidan.liddiard/Documents/Pluralsight/Java/JALAN-ReactTesting/src/components/FilmCard.tsx": {"path":"/Users/aidan.liddiard/Documents/Pluralsight/Java/JALAN-ReactTesting/src/components/FilmCard.tsx","statementMap":{"0":{"start":{"line":7,"column":44},"end":{"line":20,"column":1}},"1":{"start":{"line":8,"column":2},"end":{"line":19,"column":4}},"2":{"start":{"line":22,"column":0},"end":{"line":22,"column":24}}},"fnMap":{"0":{"name":"(anonymous_0)","decl":{"start":{"line":7,"column":44},"end":{"line":7,"column":45}},"loc":{"start":{"line":7,"column":57},"end":{"line":20,"column":1}}}},"branchMap":{},"s":{"0":1,"1":1,"2":1},"f":{"0":1},"b":{}}
,"/Users/aidan.liddiard/Documents/Pluralsight/Java/JALAN-ReactTesting/src/components/ResultItem.tsx": {"path":"/Users/aidan.liddiard/Documents/Pluralsight/Java/JALAN-ReactTesting/src/components/ResultItem.tsx","statementMap":{"0":{"start":{"line":1,"column":0},"end":{"line":1,"column":40}},"1":{"start":{"line":6,"column":41},"end":{"line":16,"column":1}},"2":{"start":{"line":7,"column":4},"end":{"line":15,"column":null}},"3":{"start":{"line":18,"column":0},"end":{"line":18,"column":26}}},"fnMap":{"0":{"name":"(anonymous_0)","decl":{"start":{"line":6,"column":41},"end":{"line":6,"column":42}},"loc":{"start":{"line":6,"column":71},"end":{"line":16,"column":1}}}},"branchMap":{},"s":{"0":1,"1":1,"2":2,"3":1},"f":{"0":2},"b":{}}
,"/Users/aidan.liddiard/Documents/Pluralsight/Java/JALAN-ReactTesting/src/components/ResultList.tsx": {"path":"/Users/aidan.liddiard/Documents/Pluralsight/Java/JALAN-ReactTesting/src/components/ResultList.tsx","statementMap":{"0":{"start":{"line":2,"column":0},"end":{"line":2,"column":38}},"1":{"start":{"line":11,"column":46},"end":{"line":31,"column":1}},"2":{"start":{"line":12,"column":4},"end":{"line":30,"column":6}},"3":{"start":{"line":24,"column":20},"end":{"line":24,"column":46}},"4":{"start":{"line":33,"column":0},"end":{"line":33,"column":26}}},"fnMap":{"0":{"name":"(anonymous_1)","decl":{"start":{"line":11,"column":46},"end":{"line":11,"column":47}},"loc":{"start":{"line":11,"column":58},"end":{"line":31,"column":1}}},"1":{"name":"(anonymous_2)","decl":{"start":{"line":23,"column":27},"end":{"line":23,"column":28}},"loc":{"start":{"line":24,"column":20},"end":{"line":24,"column":46}}}},"branchMap":{"0":{"loc":{"start":{"line":13,"column":8},"end":{"line":28,"column":39}},"type":"cond-expr","locations":[{"start":{"line":14,"column":8},"end":{"line":26,"column":null}},{"start":{"line":28,"column":16},"end":{"line":28,"column":39}}]}},"s":{"0":1,"1":1,"2":2,"3":2,"4":1},"f":{"0":2,"1":2},"b":{"0":[1,1]}}
,"/Users/aidan.liddiard/Documents/Pluralsight/Java/JALAN-ReactTesting/src/components/SearchFilm.tsx": {"path":"/Users/aidan.liddiard/Documents/Pluralsight/Java/JALAN-ReactTesting/src/components/SearchFilm.tsx","statementMap":{"0":{"start":{"line":1,"column":0},"end":{"line":1,"column":40}},"1":{"start":{"line":7,"column":46},"end":{"line":28,"column":1}},"2":{"start":{"line":8,"column":40},"end":{"line":8,"column":52}},"3":{"start":{"line":10,"column":25},"end":{"line":16,"column":5}},"4":{"start":{"line":11,"column":8},"end":{"line":11,"column":27}},"5":{"start":{"line":12,"column":8},"end":{"line":15,"column":9}},"6":{"start":{"line":13,"column":12},"end":{"line":13,"column":34}},"7":{"start":{"line":14,"column":12},"end":{"line":14,"column":30}},"8":{"start":{"line":18,"column":4},"end":{"line":27,"column":6}},"9":{"start":{"line":23,"column":33},"end":{"line":23,"column":62}},"10":{"start":{"line":30,"column":0},"end":{"line":30,"column":26}}},"fnMap":{"0":{"name":"(anonymous_0)","decl":{"start":{"line":7,"column":46},"end":{"line":7,"column":47}},"loc":{"start":{"line":7,"column":64},"end":{"line":28,"column":1}}},"1":{"name":"(anonymous_1)","decl":{"start":{"line":10,"column":25},"end":{"line":10,"column":26}},"loc":{"start":{"line":10,"column":48},"end":{"line":16,"column":5}}},"2":{"name":"(anonymous_2)","decl":{"start":{"line":23,"column":26},"end":{"line":23,"column":27}},"loc":{"start":{"line":23,"column":33},"end":{"line":23,"column":62}}}},"branchMap":{"0":{"loc":{"start":{"line":12,"column":8},"end":{"line":15,"column":9}},"type":"if","locations":[{"start":{"line":12,"column":8},"end":{"line":15,"column":9}}]}},"s":{"0":1,"1":1,"2":10,"3":10,"4":3,"5":3,"6":2,"7":2,"8":10,"9":3,"10":1},"f":{"0":10,"1":3,"2":3},"b":{"0":[2]}}
}
