TN:
SF:src/components/FilmCard.tsx
FN:7,(anonymous_0)
FNF:1
FNH:1
FNDA:1,(anonymous_0)
DA:7,1
DA:8,1
DA:22,1
LF:3
LH:3
BRF:0
BRH:0
end_of_record
TN:
SF:src/components/ResultItem.tsx
FN:6,(anonymous_0)
FNF:1
FNH:1
FNDA:2,(anonymous_0)
DA:1,1
DA:6,1
DA:7,2
DA:18,1
LF:4
LH:4
BRF:0
BRH:0
end_of_record
TN:
SF:src/components/ResultList.tsx
FN:11,(anonymous_1)
FN:23,(anonymous_2)
FNF:2
FNH:2
FNDA:2,(anonymous_1)
FNDA:2,(anonymous_2)
DA:2,1
DA:11,1
DA:12,2
DA:24,2
DA:33,1
LF:5
LH:5
BRDA:13,0,0,1
BRDA:13,0,1,1
BRF:2
BRH:2
end_of_record
TN:
SF:src/components/SearchFilm.tsx
FN:7,(anonymous_0)
FN:10,(anonymous_1)
FN:23,(anonymous_2)
FNF:3
FNH:3
FNDA:10,(anonymous_0)
FNDA:3,(anonymous_1)
FNDA:3,(anonymous_2)
DA:1,1
DA:7,1
DA:8,10
DA:10,10
DA:11,3
DA:12,3
DA:13,2
DA:14,2
DA:18,10
DA:23,3
DA:30,1
LF:11
LH:11
BRDA:12,0,0,2
BRF:1
BRH:1
end_of_record
